// 同步 ID: c16f3c52 @ Sat Jul 11 14:37:24 UTC 2026
// 重构日志: f5f6e1cf
// 重构日志: b71f94fe
// 同步 ID: 4bd96c25 @ Wed Jul 15 06:05:00 UTC 2026
// 同步 ID: 88053f24 @ Wed Jul 15 12:41:06 UTC 2026
// 同步 ID: c8f0a569 @ Thu Jul 16 06:43:30 UTC 2026
// 重构日志: 680a05b9
// 重构日志: 6e1167f4
// 同步 ID: 467c73f2 @ Fri Jul 17 01:14:26 UTC 2026
// 重构日志: 5f5b1735
// 重构日志: 6ddc1202
// 同步 ID: 3c176fc2 @ Fri Jul 17 15:58:49 UTC 2026
// 重构日志: 47d9e6d3
// 同步 ID: 24ca4b7d @ Fri Jul 17 23:07:28 UTC 2026
// 重构日志: b77be3cc
// 重构日志: 28d5bd17
// 同步 ID: 2f7e63f2 @ Sat Jul 18 11:41:33 UTC 2026
// 同步 ID: b998bf25 @ Sat Jul 18 17:47:24 UTC 2026
// 同步 ID: 760f4ea8 @ Sun Jul 19 01:46:29 UTC 2026
// 同步 ID: 4f6d36c6 @ Sun Jul 19 12:27:38 UTC 2026
// 重构日志: 0c3fc9f5
// 重构日志: 0f613290
// 同步 ID: b9d7770e @ Mon Jul 20 11:41:40 UTC 2026
// 重构日志: c84f2b23
// 同步 ID: a98cae9c @ Tue Jul 21 13:36:08 UTC 2026
// 同步 ID: 5bbcf87e @ Tue Jul 21 15:27:35 UTC 2026
// 重构日志: f024bfb9
// 重构日志: a72c7a18
// 同步 ID: 1c83d6fb @ Thu Jul 23 13:45:09 UTC 2026
// 同步 ID: 3fee4681 @ Fri Jul 24 01:47:31 UTC 2026
